vendor/jquery/jquery.min.js
vendor/hammerjs/hammer.min.js
vendor/jquery.smartbanner/jquery.smartbanner.js
init.mobile-smartbanner.js
modules/_commons.js
modules/mobile-navigation.js
modules/paginate.js
modules/searchform.js
modules/add-calendar.js
modules/swiper.js
modules/tab-nav.js
modules/mobile-sial-show.js
modules/mobile-sial-country.js
modules/newsletter.js
vendor/noty/js/noty/packaged/jquery.noty.packaged.min.js
modules/modal.js
modules/fold.js
modules/history.js
modules/mobile-searchform-extended.js
modules/mySelection.js
modules/jqueryUI-core-widget-position-autocomplete-menu.js
modules/sial-featured-events-block.js
modules/mobile-events-searchform-filter.js
